Maze 1:
 @ _ _ _ _ _ _ _ _ _
|@ @ @ @|  _ _   _  |
|  _ _|@| |@ @ @|   |
| |   |@|_|@| |@|_| |
|_ _|_ @ @ @| |@ @| |
|  _    | |  _ _|@|_|
| |_ _|  _|   |_ @ @|
|_ _ _ _|_ _|_ _ _|@|
                   @
Path exists on Maze 1: true
@@@@      
   @ @@@  
   @ @ @  
   @@@ @@ 
        @ 
        @@
         @


Maze 2:
 @ _ _ _ _ _ _ _ _ _ _ _ _ _ _
|@ @ _ _  |@ @ @ @ @|  _ _    |
| |@|_ _  |@|_ _  |@| |@ @| | |
| |@ @ @| |@ @ @ @|@| |@|@|_| |
|  _  |@|  _ _ _|@|@|_|@|@ @ @|
| | | |@| |@ @ @ @|@ @ @| | |@|
| |_ _|@| |@|    _|_ _ _ _ _|@|
| |@ @ @| |@| | |@ @ @ @ @ @ @|
| |@|_ _ _|@|_|_|@| | |@ @ @| |
| |@ @ @ @ @ _  |@|_ _|@| |@|_|
|_ _ _ _ _ _ _ _|@ @ @ @ _|@ @|
                             @
Path exists on Maze 2: true
@@   @@@@@     
 @   @   @ @@  
 @@@ @@@@@ @@  
   @    @@ @@@@
   @ @@@@@@@  @
   @ @        @
 @@@ @  @@@@@@@
 @   @  @  @@@ 
 @@@@@  @  @ @ 
        @@@@ @@


Maze 3:
 @ _ _ _ _ _ _ _ _ _ _ _ _ _ _ _ _ _ _ _
|@|@ @ @ @ @ @ @ @ @ @ @ @ @ @ @ @ @ @ @|
|@|@|@ @ @ @ @ @ @ @ @ @ @ @ @ @ @ @ @|@|
|@|@|@|@ @ @ @ @ @ @ @ @ @ @ @ @ @ @|@|@|
|@|@|@|@|@ @ @ @ @ @ @ @ @ @ @ @ @|@|@|@|
|@|@|@|@|@|@ @ @ @ @ @ @ @ @ @ @|@|@|@|@|
|@|@|@|@|@|@|@ @ @ @ @ @ @ @ @|@|@|@|@|@|
|@|@|@|@|@|@|@|@ @ @ @ @ @ @|@|@|@|@|@|@|
|@|@|@|@|@|@|@|@|@ @ @ @ @|@|@|@|@|@|@|@|
|@|@|@|@|@|@|@|@|@|  @ @|@|@|@|@|@|@|@|@|
|@|@|@|@|@|@|@|@|@| |@|@|@|@|@|@|@|@|@|@|
|@|@|@|@|@|@|@|@|@|_|@|@|@|@|@|@|@|@|@|@|
|@|@|@|@|@|@|@|@|@ @ @|@|@|@|@|@|@|@|@|@|
|@|@|@|@|@|@|@|@ @ @ @ @|@|@|@|@|@|@|@|@|
|@|@|@|@|@|@|@ @ @ @ @ @ @|@|@|@|@|@|@|@|
|@|@|@|@|@|@ @ @ @ @ @ @ @ @|@|@|@|@|@|@|
|@|@|@|@|@ @ @ @ @ @ @ @ @ @ @|@|@|@|@|@|
|@|@|@|@ @ @ @ @ @ @ @ @ @ @ @ @|@|@|@|@|
|@|@|@ @ @ @ @ @ @ @ @ @ @ @ @ @ @|@|@|@|
|@|@ @ @ @ @ @ @ @ @ @ @ @ @ @ @ @ @|@|@|
|@ @ @ @ @ @ @ @ @ @ @ @ @ @ @ @ @ @ @|@|
                                       @
Path exists on Maze 3: true
@@@@@@@@@@@@@@@@@@@@
@@@@@@@@@@@@@@@@@@@@
@@@@@@@@@@@@@@@@@@@@
@@@@@@@@@@@@@@@@@@@@
@@@@@@@@@@@@@@@@@@@@
@@@@@@@@@@@@@@@@@@@@
@@@@@@@@@@@@@@@@@@@@
@@@@@@@@@@@@@@@@@@@@
@@@@@@@@@ @@@@@@@@@@
@@@@@@@@@ @@@@@@@@@@
@@@@@@@@@ @@@@@@@@@@
@@@@@@@@@@@@@@@@@@@@
@@@@@@@@@@@@@@@@@@@@
@@@@@@@@@@@@@@@@@@@@
@@@@@@@@@@@@@@@@@@@@
@@@@@@@@@@@@@@@@@@@@
@@@@@@@@@@@@@@@@@@@@
@@@@@@@@@@@@@@@@@@@@
@@@@@@@@@@@@@@@@@@@@
@@@@@@@@@@@@@@@@@@@@


Maze 4:
   _ _ _ _ _ _ _ _ _ _ _ _ _ _ _ _ _ _ _
| |  _ _ _ _ _ _ _ _ _ _ _ _ _ _ _ _ _  |
| | |  _ _ _ _ _ _ _ _ _ _ _ _ _ _ _  | |
| | | |  _ _ _ _ _ _ _ _ _ _ _ _ _  | | |
| | | | |  _ _ _ _ _ _ _ _ _ _ _  | | | |
| | | | | |  _ _ _ _ _ _ _ _ _  | | | | |
| | | | | | |  _ _ _ _ _ _ _  | | | | | |
| | | | | | | |  _ _ _ _ _  | | | | | | |
| | | | | | | | |  _ _ _  | | | | | | | |
| | | | | | | | | |  _  | | | | | | | | |
| | | | | | | | | | | | | | | | | | | | |
| | | | | | | | | |_| | | | | | | | | | |
| | | | | | | | |_ _ _| | | | | | | | | |
| | | | | | | |_ _ _ _ _| | | | | | | | |
| | | | | | |_ _ _ _ _ _ _| | | | | | | |
| | | | | |_ _ _ _ _ _ _ _ _| | | | | | |
| | | | |_ _ _ _ _ _ _ _ _ _ _| | | | | |
| | | |_ _ _ _ _ _ _ _ _ _ _ _ _| | | | |
| | |_ _ _ _ _ _ _ _ _ _ _ _ _ _ _| | | |
| |_ _ _ _ _ _ _ _ _ _ _ _ _ _ _ _ _| | |
|_ _ _ _ _ _ _ _ _ _ _ _ _ _ _ _ _ _ _| |
Path exists on Maze 4: false

Maze 5:
 @ _ _ _ _ _ _ _ _ _ _ _ _ _ _ _ _ _ _ _
|@                                      |
|@                                      |
|@                                      |
|@                                      |
|@                                      |
|@                                      |
|@                                      |
|@                                      |
|@                                      |
|@                                      |
|@                                      |
|@                                      |
|@                                      |
|@                                      |
|@                                      |
|@                                      |
|@                                      |
|@                                      |
|@                                      |
|@ @ @ @ @ @ @ @ @ @ @ @ @ @ @ @ @ @ @ @|
                                       @
Path exists on Maze 5: true
@                   
@                   
@                   
@                   
@                   
@                   
@                   
@                   
@                   
@                   
@                   
@                   
@                   
@                   
@                   
@                   
@                   
@                   
@                   
@@@@@@@@@@@@@@@@@@@@


